<?xml version="1.0" encoding="UTF-8"?>
<testsuite xmlns:xsi="http://www.w3.org/2001/XMLSchema-instance" xsi:noNamespaceSchemaLocation="https://maven.apache.org/surefire/maven-surefire-plugin/xsd/surefire-test-report.xsd" name="com.example.junit5.MockitoWhenExampleTest" time="0.078" tests="3" errors="0" skipped="0" failures="0">
  <properties>
[...]
</properties>
  <testcase name="testMoreThanOneReturnValue" classname="com.example.junit5.MockitoWhenExampleTest" time="0.056"/>
  <testcase name="testReturnValueDependentOnMethodParameter{Comparable}" classname="com.example.junit5.MockitoWhenExampleTest" time="0.021"/>
  <testcase name="testReturnValueInDependentOnMethodParameter2{Comparable}" classname="com.example.junit5.MockitoWhenExampleTest" time="0.001"/>
</testsuite>